<?xml version="1.0" encoding="UTF-8"?>
<Site BuildName="Win32-ninja"
	BuildStamp="20230613-1619-Experimental"
	Name="LAPTOP-VN4UMBCM"
	Generator="ctest-3.25.2"
	CompilerName="C:/ProgramData/chocolatey/bin/g++.exe"
	CompilerVersion="12.2.0"
	OSName="Windows"
	Hostname="LAPTOP-VN4UMBCM"
	OSRelease=" Personal"
	OSVersion=" (Build 19044)"
	OSPlatform="AMD64"
	Is64Bits="1"
	VendorString="GenuineIntel"
	VendorID="Intel Corporation"
	FamilyID="6"
	ModelID="13"
	ProcessorCacheSize="-1"
	NumberOfLogicalCPU="16"
	NumberOfPhysicalCPU="8"
	TotalVirtualMemory="23802"
	TotalPhysicalMemory="16122"
	LogicalProcessorsPerPhysical="2"
	ProcessorClockFrequency="2304"
	>
	<Testing>
		<StartDateTime>Jun 13 23:19 SE Asia Standard Time</StartDateTime>
		<StartTestTime>1686673141</StartTestTime>
		<TestList/>
		<EndDateTime>Jun 13 23:19 SE Asia Standard Time</EndDateTime>
		<EndTestTime>1686673141</EndTestTime>
		<ElapsedMinutes>0</ElapsedMinutes>
	</Testing>
</Site>
